<?xml version="1.0" encoding="UTF-8"?>
<!-- Generated by org.testng.reporters.JUnitReportReporter -->
<testsuite hostname="DESKTOP-BN3PUO8" failures="0" tests="4" name="runner.Runner" time="15.629" errors="0" timestamp="2024-03-02T11:52:09 IST" skipped="0">
  <testcase classname="runner.Runner" name="runScenario" time="2.444"/>
  <system-out/>
  <testcase classname="runner.Runner" name="runScenario" time="2.269"/>
  <system-out/>
  <testcase classname="runner.Runner" name="runScenario" time="2.346"/>
  <system-out/>
  <testcase classname="runner.Runner" name="runScenario" time="8.570"/>
  <system-out/>
</testsuite> <!-- runner.Runner -->
